<?xml version="1.0" encoding="UTF-8"?>
<!-- Generated by org.testng.reporters.JUnitReportReporter -->
<testsuite hostname="Manoj_Kumar_M" failures="0" tests="1" name="com.testCases.SearchTest" time="1.149" errors="0" timestamp="2023-06-15T17:56:33 IST" skipped="0">
  <testcase classname="com.testCases.SearchTest" name="search" time="1.149"/>
  <system-out/>
</testsuite> <!-- com.testCases.SearchTest -->
