<?xml version="1.0" encoding="UTF-8"?>
<!-- Generated by org.testng.reporters.JUnitReportReporter -->
<testsuite hostname="Manoj_Kumar_M" failures="0" tests="1" name="testscripts.DemoTest" time="11.172" errors="0" timestamp="2023-12-17T12:18:13 IST" skipped="0">
  <testcase classname="testscripts.DemoTest" name="addAddress" time="11.172">
    <system-out>
      <![CDATA[Address Added Successfully]]>
    </system-out>
  </testcase> <!-- addAddress -->
  <system-out>
    <![CDATA[Navigated to Application Successfully
Logged in Successfully
Address Added Successfully
Logged out Successfully
Browser closed Successfully]]>
  </system-out>
</testsuite> <!-- testscripts.DemoTest -->
