<?xml version="1.0" encoding="UTF-8"?>
<!-- Generated by org.testng.reporters.JUnitReportReporter -->
<testsuite hostname="Manoj_Kumar_M" failures="0" tests="3" name="batch4to6.TestNGG" time="0.012" errors="0" timestamp="2023-11-20T16:08:03 IST" skipped="1">
  <testcase classname="batch4to6.TestNGG" name="openBrowser" time="0.010">
    <system-out>
      <![CDATA[Browser Opened]]>
    </system-out>
  </testcase> <!-- openBrowser -->
  <testcase classname="batch4to6.TestNGG" name="register" time="0.002">
    <system-out>
      <![CDATA[Registered]]>
    </system-out>
  </testcase> <!-- register -->
  <testcase classname="batch4to6.TestNGG" name="login">
    <skipped/>
  </testcase> <!-- login -->
  <system-out>
    <![CDATA[Browser Opened
Registered]]>
  </system-out>
</testsuite> <!-- batch4to6.TestNGG -->
