<?xml version="1.0" encoding="UTF-8"?>
<!-- Generated by org.testng.reporters.JUnitReportReporter -->
<testsuite hostname="Manoj_Kumar_M" failures="0" tests="2" name="testscripts.DeleteAddressTest" time="20.162" errors="0" timestamp="2023-12-22T16:04:19 IST" skipped="0">
  <testcase classname="testscripts.DeleteAddressTest" name="deleteAddressTest" time="10.604">
    <system-out>
      <![CDATA[Address Deleted Successfully]]>
    </system-out>
  </testcase> <!-- deleteAddressTest -->
  <testcase classname="testscripts.DeleteAddressTest" name="deleteAddressTest" time="9.558">
    <system-out>
      <![CDATA[Address Deleted Successfully]]>
    </system-out>
  </testcase> <!-- deleteAddressTest -->
  <system-out>
    <![CDATA[Navigated to Application Successfully
Navigated to Application Successfully
Logged in Successfully
Address Deleted Successfully
Logged in Successfully
Address Deleted Successfully
Logged out Successfully
Browser closed Successfully
Logged out Successfully
Browser closed Successfully]]>
  </system-out>
</testsuite> <!-- testscripts.DeleteAddressTest -->
