<?xml version="1.0" encoding="UTF-8"?>
<!-- Generated by org.testng.reporters.JUnitReportReporter -->
<testsuite hostname="Manoj_Kumar_M" failures="0" tests="1" name="batch4to6.Demo" time="0.016" errors="0" timestamp="2023-11-10T15:33:02 IST" skipped="0">
  <testcase classname="batch4to6.Demo" name="login" time="0.016">
    <system-out>
      <![CDATA[Hello]]>
    </system-out>
  </testcase> <!-- login -->
  <system-out>
    <![CDATA[Hello]]>
  </system-out>
</testsuite> <!-- batch4to6.Demo -->
