<?xml version="1.0" encoding="UTF-8"?>
<!-- Generated by org.testng.reporters.JUnitReportReporter -->
<testsuite hostname="Manoj_Kumar_M" failures="0" tests="1" name="testscripts.DemoTestNG" time="6.277" errors="0" timestamp="2023-12-15T12:14:09 IST" skipped="0">
  <testcase classname="testscripts.DemoTestNG" name="addAddress" time="6.277">
    <system-out>
      <![CDATA[Address added Successfully]]>
    </system-out>
  </testcase> <!-- addAddress -->
  <system-out>
    <![CDATA[Navigated to Application Successfully
Logged in SUccessfully
Address added Successfully
Logged out Successfully
Browser Closed Successfully]]>
  </system-out>
</testsuite> <!-- testscripts.DemoTestNG -->
