<?xml version="1.0" encoding="UTF-8"?>
<!-- Generated by org.testng.reporters.JUnitReportReporter -->
<testsuite hostname="Manoj_Kumar_M" failures="0" tests="1" name="testscripts.LoginTest" time="8.453" errors="0" timestamp="2023-12-17T12:14:13 IST" skipped="0">
  <testcase classname="testscripts.LoginTest" name="logoutTest" time="8.453">
    <system-out>
      <![CDATA[Logged out Successfully]]>
    </system-out>
  </testcase> <!-- logoutTest -->
  <system-out>
    <![CDATA[Navigated to Application Successfully
Logged in SUccessfully
Logged out Successfully
Logged out Successfully
Browser Closed Successfully]]>
  </system-out>
</testsuite> <!-- testscripts.LoginTest -->
