<?xml version="1.0" encoding="UTF-8"?>
<!-- Generated by org.testng.reporters.JUnitReportReporter -->
<testsuite hostname="Manoj_Kumar_M" failures="0" tests="1" name="testscripts.AddAddressTest" time="9.340" errors="0" timestamp="2023-12-22T15:52:32 IST" skipped="0">
  <testcase classname="testscripts.AddAddressTest" name="addAddressTest" time="9.340">
    <system-out>
      <![CDATA[Address Added Successfylly]]>
    </system-out>
  </testcase> <!-- addAddressTest -->
  <system-out>
    <![CDATA[Navigated to Application Successfully
Navigated to Application Successfully
Logged in Successfully
Address Added Successfylly
Logged in Successfully
Address Deleted Successfully
Logged out Successfully
Logged out Successfully
Browser closed Successfully
Browser closed Successfully
Navigated to Application Successfully
Logged in Successfully
Address Updated Successfully
Logged out Successfully
Browser closed Successfully]]>
  </system-out>
</testsuite> <!-- testscripts.AddAddressTest -->
